<?xml version="1.0" encoding="UTF-8"?>
<!-- Generated by org.testng.reporters.JUnitReportReporter -->
<testsuite skipped="0" hostname="LAPTOP-31B2K48K" name="com.hubspot.app.qa.testcases.LoginPageTest" tests="6" failures="0" timestamp="21 Dec 2019 08:05:49 GMT" time="107.657" errors="0">
  <testcase name="validLogin" time="17.952" classname="com.hubspot.app.qa.testcases.LoginPageTest"/>
  <testcase name="invalidLoginCheck" time="17.443" classname="com.hubspot.app.qa.testcases.LoginPageTest"/>
  <testcase name="invalidLoginCheck" time="18.796" classname="com.hubspot.app.qa.testcases.LoginPageTest"/>
  <testcase name="invalidLoginCheck" time="17.911" classname="com.hubspot.app.qa.testcases.LoginPageTest"/>
  <testcase name="invalidLoginCheck" time="17.831" classname="com.hubspot.app.qa.testcases.LoginPageTest"/>
  <testcase name="invalidLoginCheck" time="17.724" classname="com.hubspot.app.qa.testcases.LoginPageTest"/>
</testsuite> <!-- com.hubspot.app.qa.testcases.LoginPageTest -->
